[2025-05-17T11:51:16.448Z] INFO: Checking for uncommitted changes...
[2025-05-17T11:51:16.449Z] COMMAND: git status --porcelain
[2025-05-17T11:51:16.599Z] WARNING: You have uncommitted changes:
[2025-05-17T11:51:18.768Z] WARNING: Proceeding with uncommitted changes
[2025-05-17T11:51:18.769Z] INFO: 
Updating environment variables for staging...
[2025-05-17T11:51:18.770Z] COMMAND: npm run update-env:staging
[2025-05-17T11:51:19.560Z] INFO: 
Validating dependencies...
[2025-05-17T11:51:19.561Z] COMMAND: npm run validate-deps
[2025-05-17T11:52:09.759Z] INFO: 
Verifying build...
[2025-05-17T11:52:09.760Z] COMMAND: npm run prebuild:verify
[2025-05-17T11:53:17.697Z] ERROR: Command failed: npm run prebuild:verify
[2025-05-17T11:53:17.697Z] ERROR: Command failed: npm run prebuild:verify
[2025-05-17T11:53:49.243Z] INFO: 
Running tests...
[2025-05-17T11:53:49.243Z] COMMAND: npm test
[2025-05-17T11:54:15.139Z] ERROR: Command failed: npm test
[2025-05-17T11:54:15.139Z] ERROR: Command failed: npm test
[2025-05-17T11:54:17.122Z] INFO: 
Deploying to staging...
[2025-05-17T11:54:17.123Z] COMMAND: npx vercel --prod
[2025-05-17T11:55:40.855Z] ERROR: Command failed: npx vercel --prod
[2025-05-17T11:55:40.855Z] ERROR: Command failed: npx vercel --prod
[2025-05-17T11:55:40.856Z] ERROR: Deployment to Vercel failed
[2025-05-17T11:56:30.070Z] INFO: 
Verifying deployment...
[2025-05-17T11:56:30.071Z] COMMAND: npm run verify-deployment -- https://skillswapappmvp-git-dev-chris-schmidts-projects.vercel.app/
[2025-05-17T11:56:36.825Z] ERROR: Command failed: npm run verify-deployment -- https://skillswapappmvp-git-dev-chris-schmidts-projects.vercel.app/
[2025-05-17T11:56:36.826Z] ERROR: Command failed: npm run verify-deployment -- https://skillswapappmvp-git-dev-chris-schmidts-projects.vercel.app/
[2025-05-17T11:56:36.826Z] SUCCESS: 
Deployment process completed
[2025-05-17T11:56:36.826Z] INFO: Deployment log saved to C:\Users\pchri\Documents\Cline\skillswap_mvp\deployment-staging-2025-05-17-11-51-16.log
