[2025-05-17T13:12:59.517Z] INFO: Checking for uncommitted changes...
[2025-05-17T13:12:59.517Z] COMMAND: git status --porcelain
[2025-05-17T13:12:59.655Z] WARNING: You have uncommitted changes:
[2025-05-17T13:13:01.806Z] WARNING: Proceeding with uncommitted changes
[2025-05-17T13:13:01.807Z] INFO: 
Installing dependencies...
[2025-05-17T13:13:01.807Z] COMMAND: npm ci
[2025-05-17T13:15:08.584Z] INFO: 
Updating environment variables for staging...
[2025-05-17T13:15:08.585Z] COMMAND: npm run update-env:staging
[2025-05-17T13:15:09.372Z] INFO: 
Validating dependencies...
[2025-05-17T13:15:09.372Z] COMMAND: npm run validate-deps
[2025-05-17T13:15:39.456Z] INFO: 
Verifying build...
[2025-05-17T13:15:39.456Z] COMMAND: npm run prebuild:verify
[2025-05-17T13:16:49.308Z] ERROR: Command failed: npm run prebuild:verify
[2025-05-17T13:16:49.308Z] ERROR: Command failed: npm run prebuild:verify
[2025-05-17T13:16:53.793Z] INFO: 
Running tests...
[2025-05-17T13:16:53.794Z] COMMAND: npm test
[2025-05-17T13:17:18.671Z] ERROR: Command failed: npm test
[2025-05-17T13:17:18.671Z] ERROR: Command failed: npm test
[2025-05-17T13:17:21.137Z] INFO: 
Deploying to staging...
[2025-05-17T13:17:21.138Z] COMMAND: npx vercel --prod
[2025-05-17T13:18:44.870Z] ERROR: Command failed: npx vercel --prod
[2025-05-17T13:18:44.870Z] ERROR: Command failed: npx vercel --prod
[2025-05-17T13:18:44.870Z] ERROR: Deployment to Vercel failed
[2025-05-17T13:18:57.340Z] INFO: 
Verifying deployment...
[2025-05-17T13:18:57.341Z] COMMAND: npm run verify-deployment -- https://skillswapappmvp-git-dev-chris-schmidts-projects.vercel.app/
[2025-05-17T13:19:04.145Z] ERROR: Command failed: npm run verify-deployment -- https://skillswapappmvp-git-dev-chris-schmidts-projects.vercel.app/
[2025-05-17T13:19:04.145Z] ERROR: Command failed: npm run verify-deployment -- https://skillswapappmvp-git-dev-chris-schmidts-projects.vercel.app/
[2025-05-17T13:19:04.145Z] SUCCESS: 
Deployment process completed
[2025-05-17T13:19:04.146Z] INFO: Deployment log saved to C:\Users\pchri\Documents\Cline\skillswap_mvp\deployment-staging-2025-05-17-13-12-59.log
