[2025-05-13T22:02:42.227Z] INFO: Checking for uncommitted changes...
[2025-05-13T22:02:42.228Z] COMMAND: git status --porcelain
[2025-05-13T22:02:42.346Z] WARNING: You have uncommitted changes:
[2025-05-13T22:02:54.885Z] WARNING: Proceeding with uncommitted changes
[2025-05-13T22:02:54.886Z] INFO: 
Updating environment variables for staging...
[2025-05-13T22:02:54.886Z] COMMAND: npm run update-env:staging
[2025-05-13T22:02:56.085Z] INFO: 
Validating dependencies...
[2025-05-13T22:02:56.085Z] COMMAND: npm run validate-deps
[2025-05-13T22:03:44.248Z] INFO: 
Verifying build...
[2025-05-13T22:03:44.250Z] COMMAND: npm run prebuild:verify
[2025-05-13T22:06:13.667Z] ERROR: Command failed: npm run prebuild:verify
[2025-05-13T22:06:13.668Z] ERROR: Command failed: npm run prebuild:verify
[2025-05-13T22:06:20.628Z] INFO: 
Running tests...
[2025-05-13T22:06:20.629Z] COMMAND: npm test
[2025-05-13T22:06:56.886Z] ERROR: Command failed: npm test
[2025-05-13T22:06:56.887Z] ERROR: Command failed: npm test
[2025-05-13T22:07:06.365Z] ERROR: Deployment aborted after tests
