[2025-05-13T15:43:44.257Z] INFO: Checking for uncommitted changes...
[2025-05-13T15:43:44.257Z] COMMAND: git status --porcelain
[2025-05-13T15:43:44.385Z] SUCCESS: Git working directory is clean
[2025-05-13T15:43:44.388Z] INFO: 
Updating environment variables for staging...
[2025-05-13T15:43:44.389Z] COMMAND: npm run update-env:staging
[2025-05-13T15:47:26.756Z] INFO: 
Validating dependencies...
[2025-05-13T15:47:26.757Z] COMMAND: npm run validate-deps
[2025-05-13T15:48:02.827Z] INFO: 
Verifying build...
[2025-05-13T15:48:02.831Z] COMMAND: npm run prebuild:verify
[2025-05-13T15:48:27.100Z] ERROR: Command failed: npm run prebuild:verify
[2025-05-13T15:48:27.101Z] ERROR: Command failed: npm run prebuild:verify
[2025-05-13T15:48:38.116Z] INFO: 
Running tests...
[2025-05-13T15:48:38.116Z] COMMAND: npm test
[2025-05-13T15:49:05.591Z] ERROR: Command failed: npm test
[2025-05-13T15:49:05.592Z] ERROR: Command failed: npm test
[2025-05-13T15:49:14.118Z] INFO: 
Deploying to staging...
[2025-05-13T15:49:14.118Z] COMMAND: npx vercel --prod
[2025-05-13T15:50:41.533Z] ERROR: Command failed: npx vercel --prod
[2025-05-13T15:50:41.533Z] ERROR: Command failed: npx vercel --prod
[2025-05-13T15:50:41.534Z] ERROR: Deployment to Vercel failed
[2025-05-13T16:00:26.860Z] WARNING: Skipping deployment verification as no URL was provided
[2025-05-13T16:00:26.860Z] SUCCESS: 
Deployment process completed
[2025-05-13T16:00:26.861Z] INFO: Deployment log saved to C:\Users\pchri\Documents\Cline\skillswap_mvp\deployment-staging-2025-05-13-15-43-44.log
