[2025-05-19T18:02:04.525Z] INFO: Checking for uncommitted changes...
[2025-05-19T18:02:04.525Z] COMMAND: git status --porcelain
[2025-05-19T18:02:04.641Z] WARNING: You have uncommitted changes:
[2025-05-19T18:02:10.810Z] WARNING: Proceeding with uncommitted changes
[2025-05-19T18:02:10.813Z] INFO: 
Installing dependencies...
[2025-05-19T18:02:10.814Z] COMMAND: yarn install --frozen-lockfile
[2025-05-19T18:02:12.721Z] INFO: 
Updating environment variables for staging...
[2025-05-19T18:02:12.722Z] COMMAND: npm run update-env:staging
[2025-05-19T18:02:13.669Z] ERROR: Command failed: npm run update-env:staging
[2025-05-19T18:02:13.670Z] ERROR: Command failed: npm run update-env:staging
[2025-05-19T18:02:56.680Z] INFO: 
Validating dependencies...
[2025-05-19T18:02:56.681Z] COMMAND: npm run validate-deps
[2025-05-19T18:03:35.137Z] INFO: 
Verifying build...
[2025-05-19T18:03:35.138Z] COMMAND: npm run prebuild:verify
[2025-05-19T18:05:10.475Z] INFO: 
Running tests...
[2025-05-19T18:05:10.477Z] COMMAND: npm test
[2025-05-19T18:06:01.544Z] ERROR: Command failed: npm test
[2025-05-19T18:06:01.545Z] ERROR: Command failed: npm test
[2025-05-19T18:06:08.506Z] INFO: 
Deploying to staging...
[2025-05-19T18:06:08.506Z] INFO: Cleaning up node_modules and package-lock.json...
[2025-05-19T18:06:08.506Z] COMMAND: rm -rf node_modules
[2025-05-19T18:07:07.571Z] COMMAND: rm -f package-lock.json
[2025-05-19T18:07:07.659Z] COMMAND: npx vercel --prod
[2025-05-19T18:07:11.421Z] ERROR: Command failed: npx vercel --prod
[2025-05-19T18:07:11.422Z] ERROR: Command failed: npx vercel --prod
[2025-05-19T18:07:11.422Z] ERROR: Deployment to Vercel failed
[2025-05-19T18:07:42.905Z] INFO: 
Verifying deployment...
[2025-05-19T18:07:42.905Z] COMMAND: npm run verify-deployment -- https://skillswapappmvp-git-dev-chris-schmidts-projects.vercel.app/
[2025-05-19T18:07:43.509Z] ERROR: Command failed: npm run verify-deployment -- https://skillswapappmvp-git-dev-chris-schmidts-projects.vercel.app/
[2025-05-19T18:07:43.510Z] ERROR: Command failed: npm run verify-deployment -- https://skillswapappmvp-git-dev-chris-schmidts-projects.vercel.app/
[2025-05-19T18:07:43.510Z] SUCCESS: 
Deployment process completed
[2025-05-19T18:07:43.510Z] INFO: Deployment log saved to C:\Users\pchri\Documents\Cline\skillswap_mvp\deployment-staging-2025-05-19-18-02-04.log
